<?xml version="1.0" encoding="utf-8"?><testsuites><testsuite name="pytest" errors="0" failures="0" skipped="0" tests="26" time="3.708" timestamp="2025-04-03T15:15:31.758170" hostname="MacBookPro.lan"><testcase classname="tests.integration.test_workflow" name="test_complete_workflow" time="0.297" /><testcase classname="tests.integration.test_workflow" name="test_batch_processing" time="0.007" /><testcase classname="tests.unit.test_batch_processor" name="test_batch_processor_initialization" time="0.488" /><testcase classname="tests.unit.test_batch_processor" name="test_load_test_config" time="0.035" /><testcase classname="tests.unit.test_canopy_analyzer" name="test_analyzer_initialization" time="0.000" /><testcase classname="tests.unit.test_canopy_analyzer" name="test_exposure_classification" time="0.000" /><testcase classname="tests.unit.test_canopy_analyzer" name="test_sky_detection" time="0.000" /><testcase classname="tests.unit.test_canopy_analyzer" name="test_canopy_density_calculation" time="0.000" /><testcase classname="tests.unit.test_image_processing_viewmodel.TestImageProcessingViewModel" name="test_select_directory_valid" time="0.004" /><testcase classname="tests.unit.test_image_processing_viewmodel.TestImageProcessingViewModel" name="test_select_directory_invalid" time="0.002" /><testcase classname="tests.unit.test_image_processing_viewmodel.TestImageProcessingViewModel" name="test_select_image_valid_index" time="0.003" /><testcase classname="tests.unit.test_image_processing_viewmodel.TestImageProcessingViewModel" name="test_select_image_invalid_index" time="0.002" /><testcase classname="tests.unit.test_image_processing_viewmodel.TestImageProcessingViewModel" name="test_process_images_success" time="0.005" /><testcase classname="tests.unit.test_image_processing_viewmodel.TestImageProcessingViewModel" name="test_process_images_no_images" time="0.002" /><testcase classname="tests.unit.test_image_processing_viewmodel.TestImageProcessingViewModel" name="test_process_images_error" time="0.005" /><testcase classname="tests.unit.test_image_processing_viewmodel.TestImageProcessingViewModel" name="test_export_results_success" time="0.003" /><testcase classname="tests.unit.test_image_processing_viewmodel.TestImageProcessingViewModel" name="test_export_results_no_results" time="0.002" /><testcase classname="tests.unit.test_image_processing_viewmodel.TestImageProcessingViewModel" name="test_get_result_for_image" time="0.002" /><testcase classname="tests.unit.test_image_processing_viewmodel.TestImageProcessingViewModel" name="test_update_center_point" time="0.002" /><testcase classname="tests.unit.test_sky_detection 2" name="test_sky_detection_basic" time="0.001" /><testcase classname="tests.unit.test_sky_detection 2" name="test_sky_detection_with_sample_image" time="0.001" /><testcase classname="tests.unit.test_sky_detection 2" name="test_sky_detection[test_dark.jpg]" time="0.719" /><testcase classname="tests.unit.test_sky_detection 2" name="test_sky_detection[test_medium.jpg]" time="0.676" /><testcase classname="tests.unit.test_sky_detection 2" name="test_sky_detection[test_bright.jpg]" time="0.675" /><testcase classname="tests.unit.test_sky_detection" name="test_sky_detection_basic" time="0.001" /><testcase classname="tests.unit.test_sky_detection" name="test_sky_detection_with_sample_image" time="0.002" /></testsuite></testsuites>